<?xml version="1.0" encoding="UTF-8"?>
<testng-results ignored="0" total="1" passed="1" failed="0" skipped="0">
  <reporter-output>
    <line>
      <![CDATA[TY_PROJ_1602]]>
    </line>
    <line>
      <![CDATA[data verification successful]]>
    </line>
  </reporter-output>
  <suite started-at="2022-02-13T18:27:21 IST" name="Default suite" finished-at="2022-02-13T18:27:51 IST" duration-ms="29609">
    <groups>
    </groups>
    <test started-at="2022-02-13T18:27:21 IST" name="Default test" finished-at="2022-02-13T18:27:51 IST" duration-ms="29609">
      <class name="RMGYantraTests.CreateResourceAndVerifyInDataBaseTest">
        <test-method is-config="true" signature="bsConfig()[pri:0, instance:RMGYantraTests.CreateResourceAndVerifyInDataBaseTest@212b5695]" started-at="2022-02-13T18:27:16 IST" name="bsConfig" finished-at="2022-02-13T18:27:21 IST" duration-ms="4801" status="PASS">
          <reporter-output>
          </reporter-output>
        </test-method> <!-- bsConfig -->
        <test-method signature="createResourceAndverifyInDB()[pri:0, instance:RMGYantraTests.CreateResourceAndVerifyInDataBaseTest@212b5695]" started-at="2022-02-13T18:27:21 IST" name="createResourceAndverifyInDB" finished-at="2022-02-13T18:27:51 IST" duration-ms="29376" status="PASS">
          <reporter-output>
            <line>
              <![CDATA[TY_PROJ_1602]]>
            </line>
            <line>
              <![CDATA[data verification successful]]>
            </line>
          </reporter-output>
        </test-method> <!-- createResourceAndverifyInDB -->
        <test-method is-config="true" signature="asConfig()[pri:0, instance:RMGYantraTests.CreateResourceAndVerifyInDataBaseTest@212b5695]" started-at="2022-02-13T18:27:51 IST" name="asConfig" finished-at="2022-02-13T18:27:51 IST" duration-ms="28" status="PASS">
          <reporter-output>
          </reporter-output>
        </test-method> <!-- asConfig -->
      </class> <!-- RMGYantraTests.CreateResourceAndVerifyInDataBaseTest -->
    </test> <!-- Default test -->
  </suite> <!-- Default suite -->
</testng-results>
